#
# A fatal error has been detected by the Java Runtime Environment:
#
#  EXCEPTION_ACCESS_VIOLATION (0xc0000005) at pc=0x000000006a01a260, pid=4152, tid=4132
#
# JRE version: Java(TM) SE Runtime Environment (8.0_45-b15) (build 1.8.0_45-b15)
# Java VM: Java HotSpot(TM) 64-Bit Server VM (25.45-b02 mixed mode windows-amd64 compressed oops)
# Problematic frame:
# V  [jvm.dll+0xfa260]
#
# Failed to write core dump. Minidumps are not enabled by default on client versions of Windows
#
# If you would like to submit a bug report, please visit:
#   http://bugreport.java.com/bugreport/crash.jsp
#

---------------  T H R E A D  ---------------

Current thread (0x000000005494f000):  VMThread [stack: 0x0000000055b30000,0x0000000055c30000] [id=4132]

siginfo: ExceptionCode=0xc0000005, reading address 0x000000000000001b

Registers:
RAX=0x000000000000000b, RBX=0x00000000612c0b10, RCX=0x00000000612a0df0, RDX=0x000000001446ae48
RSP=0x0000000055c2f4a0, RBP=0x0000000000000001, RSI=0x0000000000000007, RDI=0x000000001446ae48
R8 =0x0000000059e975e0, R9 =0x0000000000000007, R10=0x00000000612daf68, R11=0x0000000000000007
R12=0x0000000059e975a0, R13=0x00000000612c0b10, R14=0x00000000612c0ae0, R15=0x0000000059e975e0
RIP=0x000000006a01a260, EFLAGS=0x0000000000010206

Top of Stack: (sp=0x0000000055c2f4a0)
0x0000000055c2f4a0:   0000000058242fa0 0000000055c2f500
0x0000000055c2f4b0:   0000000000000000 000000006a00ad3b
0x0000000055c2f4c0:   00000000612c0848 000000006a01a4d7
0x0000000055c2f4d0:   0000000014474828 0000000000000000
0x0000000055c2f4e0:   000000000000000a 000000006a02e03b
0x0000000055c2f4f0:   000000001446ae48 0000000000000000
0x0000000055c2f500:   0000000056b5f540 00000000612c0848
0x0000000055c2f510:   000000005494f000 0000000055c2f6a0
0x0000000055c2f520:   000000005494f000 000000006a0e521d
0x0000000055c2f530:   0000000014474828 0000000059e975a0
0x0000000055c2f540:   000000005494f000 00000000021222a0
0x0000000055c2f550:   0000000055c2f608 00000000612dc710
0x0000000055c2f560:   000000005494f000 0000000000000000
0x0000000055c2f570:   0000000000000000 0000000000000000
0x0000000055c2f580:   00000000612d0c60 000000005494f000
0x0000000055c2f590:   000000005494f000 000000005494e800 

Instructions: (pc=0x000000006a01a260)
0x000000006a01a240:   41 18 48 c1 e8 14 a8 01 74 06 48 8b 59 10 eb 1b
0x000000006a01a250:   48 8b 41 08 48 85 c0 74 44 48 8b 49 08 48 8b 01
0x000000006a01a260:   ff 50 10 84 c0 74 36 48 8b 5b 08 48 85 db 74 2d
0x000000006a01a270:   48 8b 03 48 8b cb ff 50 10 84 c0 74 20 48 85 ff 


Register to memory mapping:

RAX=0x000000000000000b is an unknown value
RBX=0x00000000612c0b10 is pointing into metadata
RCX=0x00000000612a0df0 is pointing into metadata
RDX=0x000000001446ae48 is pointing into metadata
RSP=0x0000000055c2f4a0 is an unknown value
RBP=0x0000000000000001 is an unknown value
RSI=0x0000000000000007 is an unknown value
RDI=0x000000001446ae48 is pointing into metadata
R8 =0x0000000059e975e0 is an unknown value
R9 =0x0000000000000007 is an unknown value
R10=0x00000000612daf68 is pointing into metadata
R11=0x0000000000000007 is an unknown value
R12=0x0000000059e975a0 is an unknown value
R13=0x00000000612c0b10 is pointing into metadata
R14=0x00000000612c0ae0 is pointing into metadata
R15=0x0000000059e975e0 is an unknown value


Stack: [0x0000000055b30000,0x0000000055c30000],  sp=0x0000000055c2f4a0,  free space=1021k
Native frames: (J=compiled Java code, j=interpreted, Vv=VM code, C=native code)
V  [jvm.dll+0xfa260]
V  [jvm.dll+0xfa4d7]
V  [jvm.dll+0x1c521d]
V  [jvm.dll+0x616cb]
V  [jvm.dll+0x1c5a1d]
V  [jvm.dll+0x1c5cab]
V  [jvm.dll+0x247ef7]
V  [jvm.dll+0x247196]
V  [jvm.dll+0x247631]
V  [jvm.dll+0x24784e]
V  [jvm.dll+0x29853a]
C  [msvcr100.dll+0x21d9f]
C  [msvcr100.dll+0x21e3b]
C  [kernel32.dll+0x15a4d]
C  [ntdll.dll+0x2b831]

VM_Operation (0x0000000056b5f540): RedefineClasses, mode: safepoint, requested by thread 0x0000000055e08800


---------------  P R O C E S S  ---------------

Java Threads: ( => current thread )
  0x000000005dc68000 JavaThread "http-nio-8080-AsyncTimeout" daemon [_thread_blocked, id=4844, stack(0x00000000643a0000,0x00000000644a0000)]
  0x000000005dc67000 JavaThread "http-nio-8080-Acceptor-0" daemon [_thread_in_native, id=4696, stack(0x00000000645c0000,0x00000000646c0000)]
  0x000000005dc66800 JavaThread "http-nio-8080-ClientPoller-1" daemon [_thread_in_native, id=1900, stack(0x0000000064120000,0x0000000064220000)]
  0x000000005dc60800 JavaThread "http-nio-8080-ClientPoller-0" daemon [_thread_in_native, id=4628, stack(0x00000000644a0000,0x00000000645a0000)]
  0x000000005dc65000 JavaThread "http-nio-8080-exec-10" daemon [_thread_blocked, id=2660, stack(0x0000000064260000,0x0000000064360000)]
  0x000000005dc62000 JavaThread "http-nio-8080-exec-9" daemon [_thread_blocked, id=4348, stack(0x0000000063ea0000,0x0000000063fa0000)]
  0x000000005dc64800 JavaThread "http-nio-8080-exec-8" daemon [_thread_blocked, id=864, stack(0x0000000063ff0000,0x00000000640f0000)]
  0x000000005dc61800 JavaThread "http-nio-8080-exec-7" daemon [_thread_blocked, id=4800, stack(0x0000000063d10000,0x0000000063e10000)]
  0x000000005dc5e800 JavaThread "http-nio-8080-exec-6" daemon [_thread_blocked, id=3312, stack(0x00000000636b0000,0x00000000637b0000)]
  0x000000005dc63000 JavaThread "http-nio-8080-exec-5" daemon [_thread_blocked, id=3992, stack(0x0000000063b20000,0x0000000063c20000)]
  0x000000005dc5f000 JavaThread "http-nio-8080-exec-4" daemon [_thread_blocked, id=4708, stack(0x00000000639f0000,0x0000000063af0000)]
  0x000000005dc63800 JavaThread "http-nio-8080-exec-3" daemon [_thread_blocked, id=4440, stack(0x0000000063800000,0x0000000063900000)]
  0x000000005f426800 JavaThread "http-nio-8080-exec-2" daemon [_thread_blocked, id=5052, stack(0x000000005ebe0000,0x000000005ece0000)]
  0x000000005f428000 JavaThread "http-nio-8080-exec-1" daemon [_thread_blocked, id=3288, stack(0x0000000063510000,0x0000000063610000)]
  0x000000005f424800 JavaThread "NioBlockingSelector.BlockPoller-3" daemon [_thread_in_native, id=4428, stack(0x0000000059020000,0x0000000059120000)]
  0x000000005f423800 JavaThread "File Watcher" daemon [_thread_blocked, id=4868, stack(0x000000005bfc0000,0x000000005c0c0000)]
  0x000000005f423000 JavaThread "container-0" [_thread_blocked, id=4700, stack(0x00000000614b0000,0x00000000615b0000)]
  0x000000005f422000 JavaThread "ContainerBackgroundProcessor[StandardEngine[Tomcat]]" daemon [_thread_blocked, id=5064, stack(0x0000000060150000,0x0000000060250000)]
  0x000000005f425000 JavaThread "DestroyJavaVM" [_thread_blocked, id=4112, stack(0x0000000002390000,0x0000000002490000)]
  0x0000000058a73000 JavaThread "Live Reload Server" daemon [_thread_in_native, id=1116, stack(0x000000005c4e0000,0x000000005c5e0000)]
  0x0000000055ea6800 JavaThread "Service Thread" daemon [_thread_blocked, id=3684, stack(0x00000000572d0000,0x00000000573d0000)]
  0x0000000055e2e000 JavaThread "C1 CompilerThread2" daemon [_thread_blocked, id=2504, stack(0x0000000057000000,0x0000000057100000)]
  0x0000000055e27800 JavaThread "C2 CompilerThread1" daemon [_thread_blocked, id=4240, stack(0x0000000057110000,0x0000000057210000)]
  0x0000000055e21000 JavaThread "C2 CompilerThread0" daemon [_thread_blocked, id=4016, stack(0x0000000056d90000,0x0000000056e90000)]
  0x0000000055e15800 JavaThread "JDWP Command Reader" daemon [_thread_in_native, id=2944, stack(0x0000000056f00000,0x0000000057000000)]
  0x0000000055e12800 JavaThread "JDWP Event Helper Thread" daemon [_thread_blocked, id=2884, stack(0x0000000056c80000,0x0000000056d80000)]
  0x0000000055e08800 JavaThread "JDWP Transport Listener: dt_socket" daemon [_thread_blocked, id=4184, stack(0x0000000056a60000,0x0000000056b60000)]
  0x00000000549be800 JavaThread "Attach Listener" daemon [_thread_blocked, id=4172, stack(0x00000000564e0000,0x00000000565e0000)]
  0x00000000549bd800 JavaThread "Signal Dispatcher" daemon [_thread_blocked, id=4156, stack(0x0000000056350000,0x0000000056450000)]
  0x000000005495f000 JavaThread "Finalizer" daemon [_thread_blocked, id=4136, stack(0x00000000559c0000,0x0000000055ac0000)]
  0x0000000054958800 JavaThread "Reference Handler" daemon [_thread_blocked, id=2832, stack(0x0000000055d00000,0x0000000055e00000)]

Other Threads:
=>0x000000005494f000 VMThread [stack: 0x0000000055b30000,0x0000000055c30000] [id=4132]
  0x0000000055eaf800 WatcherThread [stack: 0x0000000057410000,0x0000000057510000] [id=1304]

VM state:at safepoint (normal execution)

VM Mutex/Monitor currently owned by a thread:  ([mutex/lock_event])
[0x0000000002059a00] Threads_lock - owner thread: 0x000000005494f000

Heap:
 PSYoungGen      total 212480K, used 147229K [0x00000000ed780000, 0x00000000fb280000, 0x0000000100000000)
  eden space 200704K, 73% used [0x00000000ed780000,0x00000000f6747778,0x00000000f9b80000)
  from space 11776K, 0% used [0x00000000fa700000,0x00000000fa700000,0x00000000fb280000)
  to   space 11776K, 0% used [0x00000000f9b80000,0x00000000f9b80000,0x00000000fa700000)
 ParOldGen       total 65536K, used 16562K [0x00000000c8600000, 0x00000000cc600000, 0x00000000ed780000)
  object space 65536K, 25% used [0x00000000c8600000,0x00000000c962c888,0x00000000cc600000)
 Metaspace       used 38547K, capacity 39208K, committed 39592K, reserved 1083392K
  class space    used 4705K, capacity 4888K, committed 5032K, reserved 1048576K

Card table byte_map: [0x0000000011b20000,0x0000000011ce0000] byte_map_base: 0x00000000114dd000

Marking Bits: (ParMarkBitMap*) 0x000000006a724040
 Begin Bits: [0x0000000012230000, 0x0000000013018000)
 End Bits:   [0x0000000013018000, 0x0000000013e00000)

Polling page: 0x0000000000330000

CodeCache: size=245760Kb used=18268Kb max_used=18533Kb free=227491Kb
 bounds [0x0000000002760000, 0x00000000039a0000, 0x0000000011760000]
 total_blobs=5209 nmethods=4780 adapters=349
 compilation: enabled

Compilation events (10 events):
Event: 2902.194 Thread 0x0000000055e2e000 5698       3       org.springframework.core.convert.support.GenericConversionService$Converters::getRegisteredConverter (93 bytes)
Event: 2902.194 Thread 0x0000000055e2e000 nmethod 5698 0x0000000002ca2b10 code [0x0000000002ca2d00, 0x0000000002ca36f8]
Event: 2902.195 Thread 0x0000000055e2e000 5697       3       org.apache.coyote.Request::getContentLengthLong (56 bytes)
Event: 2902.195 Thread 0x0000000055e2e000 nmethod 5697 0x0000000002babb10 code [0x0000000002babcc0, 0x0000000002bac478]
Event: 2902.219 Thread 0x0000000055e2e000 5699   !   3       sun.nio.ch.SocketChannelImpl::read (389 bytes)
Event: 2902.220 Thread 0x0000000055e2e000 nmethod 5699 0x0000000002cce5d0 code [0x0000000002cce8e0, 0x0000000002cd09d8]
Event: 2902.221 Thread 0x0000000055e2e000 5700   !   3       sun.nio.ch.IOUtil::read (93 bytes)
Event: 2902.221 Thread 0x0000000055e2e000 nmethod 5700 0x0000000002ec4b50 code [0x0000000002ec4d60, 0x0000000002ec55d8]
Event: 2902.222 Thread 0x0000000055e2e000 5701   !   3       sun.nio.ch.SocketChannelImpl::ensureReadOpen (57 bytes)
Event: 2902.222 Thread 0x0000000055e2e000 nmethod 5701 0x0000000002f623d0 code [0x0000000002f625a0, 0x0000000002f62db8]

GC Heap History (10 events):
Event: 456.446 GC heap before
{Heap before GC invocations=14 (full 2):
 PSYoungGen      total 155136K, used 63143K [0x00000000ed780000, 0x00000000f9280000, 0x0000000100000000)
  eden space 142336K, 44% used [0x00000000ed780000,0x00000000f1529e40,0x00000000f6280000)
  from space 12800K, 0% used [0x00000000f6280000,0x00000000f6280000,0x00000000f6f00000)
  to   space 12800K, 0% used [0x00000000f8600000,0x00000000f8600000,0x00000000f9280000)
 ParOldGen       total 65536K, used 19303K [0x00000000c8600000, 0x00000000cc600000, 0x00000000ed780000)
  object space 65536K, 29% used [0x00000000c8600000,0x00000000c98d9d20,0x00000000cc600000)
 Metaspace       used 37057K, capacity 37496K, committed 37800K, reserved 1083392K
  class space    used 4635K, capacity 4774K, committed 4776K, reserved 1048576K
Event: 456.451 GC heap after
Heap after GC invocations=14 (full 2):
 PSYoungGen      total 178688K, used 2500K [0x00000000ed780000, 0x00000000f9e80000, 0x0000000100000000)
  eden space 165888K, 0% used [0x00000000ed780000,0x00000000ed780000,0x00000000f7980000)
  from space 12800K, 19% used [0x00000000f8600000,0x00000000f8871240,0x00000000f9280000)
  to   space 12800K, 0% used [0x00000000f7980000,0x00000000f7980000,0x00000000f8600000)
 ParOldGen       total 65536K, used 19311K [0x00000000c8600000, 0x00000000cc600000, 0x00000000ed780000)
  object space 65536K, 29% used [0x00000000c8600000,0x00000000c98dbd20,0x00000000cc600000)
 Metaspace       used 37057K, capacity 37496K, committed 37800K, reserved 1083392K
  class space    used 4635K, capacity 4774K, committed 4776K, reserved 1048576K
}
Event: 456.451 GC heap before
{Heap before GC invocations=15 (full 3):
 PSYoungGen      total 178688K, used 2500K [0x00000000ed780000, 0x00000000f9e80000, 0x0000000100000000)
  eden space 165888K, 0% used [0x00000000ed780000,0x00000000ed780000,0x00000000f7980000)
  from space 12800K, 19% used [0x00000000f8600000,0x00000000f8871240,0x00000000f9280000)
  to   space 12800K, 0% used [0x00000000f7980000,0x00000000f7980000,0x00000000f8600000)
 ParOldGen       total 65536K, used 19311K [0x00000000c8600000, 0x00000000cc600000, 0x00000000ed780000)
  object space 65536K, 29% used [0x00000000c8600000,0x00000000c98dbd20,0x00000000cc600000)
 Metaspace       used 37057K, capacity 37496K, committed 37800K, reserved 1083392K
  class space    used 4635K, capacity 4774K, committed 4776K, reserved 1048576K
Event: 456.625 GC heap after
Heap after GC invocations=15 (full 3):
 PSYoungGen      total 178688K, used 0K [0x00000000ed780000, 0x00000000f9e80000, 0x0000000100000000)
  eden space 165888K, 0% used [0x00000000ed780000,0x00000000ed780000,0x00000000f7980000)
  from space 12800K, 0% used [0x00000000f8600000,0x00000000f8600000,0x00000000f9280000)
  to   space 12800K, 0% used [0x00000000f7980000,0x00000000f7980000,0x00000000f8600000)
 ParOldGen       total 65536K, used 20287K [0x00000000c8600000, 0x00000000cc600000, 0x00000000ed780000)
  object space 65536K, 30% used [0x00000000c8600000,0x00000000c99cfd10,0x00000000cc600000)
 Metaspace       used 37057K, capacity 37496K, committed 37800K, reserved 1083392K
  class space    used 4635K, capacity 4774K, committed 4776K, reserved 1048576K
}
Event: 649.861 GC heap before
{Heap before GC invocations=16 (full 3):
 PSYoungGen      total 178688K, used 165888K [0x00000000ed780000, 0x00000000f9e80000, 0x0000000100000000)
  eden space 165888K, 100% used [0x00000000ed780000,0x00000000f7980000,0x00000000f7980000)
  from space 12800K, 0% used [0x00000000f8600000,0x00000000f8600000,0x00000000f9280000)
  to   space 12800K, 0% used [0x00000000f7980000,0x00000000f7980000,0x00000000f8600000)
 ParOldGen       total 65536K, used 20287K [0x00000000c8600000, 0x00000000cc600000, 0x00000000ed780000)
  object space 65536K, 30% used [0x00000000c8600000,0x00000000c99cfd10,0x00000000cc600000)
 Metaspace       used 38032K, capacity 38614K, committed 38696K, reserved 1083392K
  class space    used 4698K, capacity 4869K, committed 4904K, reserved 1048576K
Event: 649.867 GC heap after
Heap after GC invocations=16 (full 3):
 PSYoungGen      total 178688K, used 5031K [0x00000000ed780000, 0x00000000fb280000, 0x0000000100000000)
  eden space 165888K, 0% used [0x00000000ed780000,0x00000000ed780000,0x00000000f7980000)
  from space 12800K, 39% used [0x00000000f7980000,0x00000000f7e69e20,0x00000000f8600000)
  to   space 11776K, 0% used [0x00000000fa700000,0x00000000fa700000,0x00000000fb280000)
 ParOldGen       total 65536K, used 20295K [0x00000000c8600000, 0x00000000cc600000, 0x00000000ed780000)
  object space 65536K, 30% used [0x00000000c8600000,0x00000000c99d1d10,0x00000000cc600000)
 Metaspace       used 38032K, capacity 38614K, committed 38696K, reserved 1083392K
  class space    used 4698K, capacity 4869K, committed 4904K, reserved 1048576K
}
Event: 2892.427 GC heap before
{Heap before GC invocations=17 (full 3):
 PSYoungGen      total 178688K, used 146869K [0x00000000ed780000, 0x00000000fb280000, 0x0000000100000000)
  eden space 165888K, 85% used [0x00000000ed780000,0x00000000f62037a0,0x00000000f7980000)
  from space 12800K, 39% used [0x00000000f7980000,0x00000000f7e69e20,0x00000000f8600000)
  to   space 11776K, 0% used [0x00000000fa700000,0x00000000fa700000,0x00000000fb280000)
 ParOldGen       total 65536K, used 20295K [0x00000000c8600000, 0x00000000cc600000, 0x00000000ed780000)
  object space 65536K, 30% used [0x00000000c8600000,0x00000000c99d1d10,0x00000000cc600000)
 Metaspace       used 38208K, capacity 38876K, committed 38952K, reserved 1083392K
  class space    used 4701K, capacity 4871K, committed 4904K, reserved 1048576K
Event: 2892.431 GC heap after
Heap after GC invocations=17 (full 3):
 PSYoungGen      total 212480K, used 2528K [0x00000000ed780000, 0x00000000fb280000, 0x0000000100000000)
  eden space 200704K, 0% used [0x00000000ed780000,0x00000000ed780000,0x00000000f9b80000)
  from space 11776K, 21% used [0x00000000fa700000,0x00000000fa978020,0x00000000fb280000)
  to   space 11776K, 0% used [0x00000000f9b80000,0x00000000f9b80000,0x00000000fa700000)
 ParOldGen       total 65536K, used 20295K [0x00000000c8600000, 0x00000000cc600000, 0x00000000ed780000)
  object space 65536K, 30% used [0x00000000c8600000,0x00000000c99d1d10,0x00000000cc600000)
 Metaspace       used 38208K, capacity 38876K, committed 38952K, reserved 1083392K
  class space    used 4701K, capacity 4871K, committed 4904K, reserved 1048576K
}
Event: 2892.431 GC heap before
{Heap before GC invocations=18 (full 4):
 PSYoungGen      total 212480K, used 2528K [0x00000000ed780000, 0x00000000fb280000, 0x0000000100000000)
  eden space 200704K, 0% used [0x00000000ed780000,0x00000000ed780000,0x00000000f9b80000)
  from space 11776K, 21% used [0x00000000fa700000,0x00000000fa978020,0x00000000fb280000)
  to   space 11776K, 0% used [0x00000000f9b80000,0x00000000f9b80000,0x00000000fa700000)
 ParOldGen       total 65536K, used 20295K [0x00000000c8600000, 0x00000000cc600000, 0x00000000ed780000)
  object space 65536K, 30% used [0x00000000c8600000,0x00000000c99d1d10,0x00000000cc600000)
 Metaspace       used 38208K, capacity 38876K, committed 38952K, reserved 1083392K
  class space    used 4701K, capacity 4871K, committed 4904K, reserved 1048576K
Event: 2892.549 GC heap after
Heap after GC invocations=18 (full 4):
 PSYoungGen      total 212480K, used 0K [0x00000000ed780000, 0x00000000fb280000, 0x0000000100000000)
  eden space 200704K, 0% used [0x00000000ed780000,0x00000000ed780000,0x00000000f9b80000)
  from space 11776K, 0% used [0x00000000fa700000,0x00000000fa700000,0x00000000fb280000)
  to   space 11776K, 0% used [0x00000000f9b80000,0x00000000f9b80000,0x00000000fa700000)
 ParOldGen       total 65536K, used 16562K [0x00000000c8600000, 0x00000000cc600000, 0x00000000ed780000)
  object space 65536K, 25% used [0x00000000c8600000,0x00000000c962c888,0x00000000cc600000)
 Metaspace       used 38005K, capacity 38554K, committed 38952K, reserved 1083392K
  class space    used 4669K, capacity 4811K, committed 4904K, reserved 1048576K
}

Deoptimization events (10 events):
Event: 2901.585 Thread 0x000000005f428000 Uncommon trap: reason=unhandled action=none pc=0x000000000291a4fc method=java.net.URLClassLoader.findClass(Ljava/lang/String;)Ljava/lang/Class; @ 44
Event: 2901.585 Thread 0x000000005f428000 Uncommon trap: reason=unhandled action=none pc=0x0000000003595d1c method=java.net.URLClassLoader.findClass(Ljava/lang/String;)Ljava/lang/Class; @ 44
Event: 2901.586 Thread 0x000000005f428000 Uncommon trap: reason=unhandled action=none pc=0x0000000003270170 method=java.net.URLClassLoader.findClass(Ljava/lang/String;)Ljava/lang/Class; @ 44
Event: 2901.586 Thread 0x000000005f428000 Uncommon trap: reason=unhandled action=none pc=0x000000000291a4fc method=java.net.URLClassLoader.findClass(Ljava/lang/String;)Ljava/lang/Class; @ 44
Event: 2901.586 Thread 0x000000005f428000 Uncommon trap: reason=unhandled action=none pc=0x0000000003595d1c method=java.net.URLClassLoader.findClass(Ljava/lang/String;)Ljava/lang/Class; @ 44
Event: 2901.586 Thread 0x000000005f428000 Uncommon trap: reason=unhandled action=none pc=0x0000000003270170 method=java.net.URLClassLoader.findClass(Ljava/lang/String;)Ljava/lang/Class; @ 44
Event: 2901.586 Thread 0x000000005f428000 Uncommon trap: reason=unhandled action=none pc=0x000000000291a4fc method=java.net.URLClassLoader.findClass(Ljava/lang/String;)Ljava/lang/Class; @ 44
Event: 2901.588 Thread 0x000000005f428000 Uncommon trap: reason=range_check action=none pc=0x000000000297850c method=sun.reflect.generics.parser.SignatureParser.current()C @ 34
Event: 2901.589 Thread 0x000000005f428000 Uncommon trap: reason=range_check action=none pc=0x000000000297850c method=sun.reflect.generics.parser.SignatureParser.current()C @ 34
Event: 2902.193 Thread 0x000000005dc63800 Uncommon trap: reason=null_check action=make_not_entrant pc=0x00000000038b28e4 method=java.lang.Class.privateGetMethodRecursive(Ljava/lang/String;[Ljava/lang/Class;ZLjava/lang/Class$MethodArray;)Ljava/lang/reflect/Method; @ 35

Internal exceptions (10 events):
Event: 2893.655 Thread 0x000000005f426000 Exception <a 'java/lang/ArrayIndexOutOfBoundsException': 134> (0x00000000f5075300) thrown at [C:\re\workspace\8-2-build-windows-amd64-cygwin\jdk8u45\3627\hotspot\src\share\vm\interpreter\interpreterRuntime.cpp, line 366]
Event: 2893.655 Thread 0x000000005f426000 Exception <a 'java/lang/ArrayIndexOutOfBoundsException': 131> (0x00000000f507e1b8) thrown at [C:\re\workspace\8-2-build-windows-amd64-cygwin\jdk8u45\3627\hotspot\src\share\vm\interpreter\interpreterRuntime.cpp, line 366]
Event: 2893.656 Thread 0x000000005f426000 Exception <a 'java/lang/ArrayIndexOutOfBoundsException': 131> (0x00000000f50846e0) thrown at [C:\re\workspace\8-2-build-windows-amd64-cygwin\jdk8u45\3627\hotspot\src\share\vm\interpreter\interpreterRuntime.cpp, line 366]
Event: 2893.658 Thread 0x000000005f426000 Exception <a 'java/lang/ArrayIndexOutOfBoundsException': 137> (0x00000000f50b4ca8) thrown at [C:\re\workspace\8-2-build-windows-amd64-cygwin\jdk8u45\3627\hotspot\src\share\vm\interpreter\interpreterRuntime.cpp, line 366]
Event: 2893.708 Thread 0x000000005f426000 Exception <a 'java/lang/ArrayIndexOutOfBoundsException': 251> (0x00000000f53c9960) thrown at [C:\re\workspace\8-2-build-windows-amd64-cygwin\jdk8u45\3627\hotspot\src\share\vm\interpreter\interpreterRuntime.cpp, line 366]
Event: 2901.587 Thread 0x000000005f428000 Exception <a 'java/lang/reflect/InvocationTargetException'> (0x00000000f63a95e8) thrown at [C:\re\workspace\8-2-build-windows-amd64-cygwin\jdk8u45\3627\hotspot\src\share\vm\runtime\reflection.cpp, line 1080]
Event: 2901.588 Thread 0x000000005f428000 Exception <a 'java/lang/ArrayIndexOutOfBoundsException': 187> (0x00000000f63b6be0) thrown at [C:\re\workspace\8-2-build-windows-amd64-cygwin\jdk8u45\3627\hotspot\src\share\vm\interpreter\interpreterRuntime.cpp, line 366]
Event: 2901.589 Thread 0x000000005f428000 Exception <a 'java/lang/ArrayIndexOutOfBoundsException': 99> (0x00000000f63c30b8) thrown at [C:\re\workspace\8-2-build-windows-amd64-cygwin\jdk8u45\3627\hotspot\src\share\vm\interpreter\interpreterRuntime.cpp, line 366]
Event: 2902.218 Thread 0x000000005dc63000 Exception <a 'java/io/IOException'> (0x00000000f65409f8) thrown at [C:\re\workspace\8-2-build-windows-amd64-cygwin\jdk8u45\3627\hotspot\src\share\vm\prims\jni.cpp, line 709]
Event: 2902.222 Thread 0x000000005dc5e800 Exception <a 'java/io/IOException'> (0x00000000f64d4568) thrown at [C:\re\workspace\8-2-build-windows-amd64-cygwin\jdk8u45\3627\hotspot\src\share\vm\prims\jni.cpp, line 709]

Events (10 events):
Event: 2902.222 Thread 0x000000005dc5e800 DEOPT PACKING pc=0x00000000036d704c sp=0x00000000637aed50
Event: 2902.222 Thread 0x000000005dc5e800 DEOPT UNPACKING pc=0x00000000027a787f sp=0x00000000637aec50 mode 1
Event: 2902.222 Executing VM operation: RevokeBias
Event: 2902.222 Executing VM operation: RevokeBias done
Event: 2902.223 Thread 0x0000000055e2e000 flushing nmethod 0x0000000003262b10
Event: 2903.367 Executing VM operation: RevokeBias
Event: 2903.367 Executing VM operation: RevokeBias done
Event: 2903.367 Thread 0x000000005f427800 Thread exited: 0x000000005f427800
Event: 2903.367 Thread 0x000000005f421000 Thread exited: 0x000000005f421000
Event: 2908.709 Executing VM operation: RedefineClasses


Dynamic libraries:
0x000000013f830000 - 0x000000013f867000 	C:\Program Files\Java\jdk1.8.0_45\bin\javaw.exe
0x0000000077bf0000 - 0x0000000077d99000 	C:\Windows\SYSTEM32\ntdll.dll
0x0000000077ad0000 - 0x0000000077bf0000 	C:\Windows\system32\kernel32.dll
0x000007fefda10000 - 0x000007fefda7c000 	C:\Windows\system32\KERNELBASE.dll
0x000007fefe550000 - 0x000007fefe62b000 	C:\Windows\system32\ADVAPI32.dll
0x000007feffe20000 - 0x000007feffebf000 	C:\Windows\system32\msvcrt.dll
0x000007fefdd50000 - 0x000007fefdd6f000 	C:\Windows\SYSTEM32\sechost.dll
0x000007fefe2a0000 - 0x000007fefe3cd000 	C:\Windows\system32\RPCRT4.dll
0x00000000779d0000 - 0x0000000077aca000 	C:\Windows\system32\USER32.dll
0x000007feffdb0000 - 0x000007feffe17000 	C:\Windows\system32\GDI32.dll
0x000007fefe540000 - 0x000007fefe54e000 	C:\Windows\system32\LPK.dll
0x000007fefe470000 - 0x000007fefe539000 	C:\Windows\system32\USP10.dll
0x000007fefc310000 - 0x000007fefc504000 	C:\Windows\WinSxS\amd64_microsoft.windows.common-controls_6595b64144ccf1df_6.0.7601.18837_none_fa3b1e3d17594757\COMCTL32.dll
0x000007fefddd0000 - 0x000007fefde41000 	C:\Windows\system32\SHLWAPI.dll
0x000007feffed0000 - 0x000007feffefe000 	C:\Windows\system32\IMM32.DLL
0x000007feff8b0000 - 0x000007feff9b9000 	C:\Windows\system32\MSCTF.dll
0x000000006a7c0000 - 0x000000006a892000 	C:\Program Files\Java\jdk1.8.0_45\jre\bin\msvcr100.dll
0x0000000069f20000 - 0x000000006a7a3000 	C:\Program Files\Java\jdk1.8.0_45\jre\bin\server\jvm.dll
0x000007fef32e0000 - 0x000007fef32e9000 	C:\Windows\system32\WSOCK32.dll
0x000007fefde50000 - 0x000007fefde9d000 	C:\Windows\system32\WS2_32.dll
0x000007feffec0000 - 0x000007feffec8000 	C:\Windows\system32\NSI.dll
0x000007fef94b0000 - 0x000007fef94eb000 	C:\Windows\system32\WINMM.dll
0x000007fefca80000 - 0x000007fefca8c000 	C:\Windows\system32\VERSION.dll
0x0000000077dc0000 - 0x0000000077dc7000 	C:\Windows\system32\PSAPI.DLL
0x000000006b270000 - 0x000000006b27f000 	C:\Program Files\Java\jdk1.8.0_45\jre\bin\verify.dll
0x000000006b010000 - 0x000000006b039000 	C:\Program Files\Java\jdk1.8.0_45\jre\bin\java.dll
0x000000006aa60000 - 0x000000006aa95000 	C:\Program Files\Java\jdk1.8.0_45\jre\bin\jdwp.dll
0x000000006b200000 - 0x000000006b208000 	C:\Program Files\Java\jdk1.8.0_45\jre\bin\npt.dll
0x000000006aff0000 - 0x000000006b006000 	C:\Program Files\Java\jdk1.8.0_45\jre\bin\zip.dll
0x000007fefe850000 - 0x000007feff5d9000 	C:\Windows\system32\SHELL32.dll
0x000007feff9c0000 - 0x000007feffbc3000 	C:\Windows\system32\ole32.dll
0x000007fefd990000 - 0x000007fefd99f000 	C:\Windows\system32\profapi.dll
0x000000006b280000 - 0x000000006b289000 	C:\Program Files\Java\jdk1.8.0_45\jre\bin\dt_socket.dll
0x000007fefb980000 - 0x000007fefb995000 	C:\Windows\system32\NLAapi.dll
0x000007fef1d10000 - 0x000007fef1d25000 	C:\Windows\system32\napinsp.dll
0x000007fef1cf0000 - 0x000007fef1d09000 	C:\Windows\system32\pnrpnsp.dll
0x000007fefd130000 - 0x000007fefd185000 	C:\Windows\System32\mswsock.dll
0x000007fefcfb0000 - 0x000007fefd00b000 	C:\Windows\system32\DNSAPI.dll
0x000007fef1ce0000 - 0x000007fef1ceb000 	C:\Windows\System32\winrnr.dll
0x0000000074050000 - 0x0000000074076000 	C:\Program Files\Bonjour\mdnsNSP.dll
0x000007fefb5d0000 - 0x000007fefb5f7000 	C:\Windows\system32\Iphlpapi.DLL
0x000007fefb590000 - 0x000007fefb59b000 	C:\Windows\system32\WINNSI.DLL
0x000007fefb4c0000 - 0x000007fefb513000 	C:\Windows\System32\fwpuclnt.dll
0x000007fefa120000 - 0x000007fefa128000 	C:\Windows\system32\rasadhlp.dll
0x000007fefcb50000 - 0x000007fefcb57000 	C:\Windows\System32\wshtcpip.dll
0x000000006af00000 - 0x000000006af0d000 	C:\Program Files\Java\jdk1.8.0_45\jre\bin\management.dll
0x000000006afd0000 - 0x000000006afea000 	C:\Program Files\Java\jdk1.8.0_45\jre\bin\net.dll
0x000007fefd120000 - 0x000007fefd127000 	C:\Windows\System32\wship6.dll
0x000000006afb0000 - 0x000000006afc1000 	C:\Program Files\Java\jdk1.8.0_45\jre\bin\nio.dll
0x000007fefd190000 - 0x000007fefd1a8000 	C:\Windows\system32\CRYPTSP.dll
0x000007fefce90000 - 0x000007fefced7000 	C:\Windows\system32\rsaenh.dll
0x000007fefdaa0000 - 0x000007fefdabe000 	C:\Windows\system32\USERENV.dll
0x000007fefd7f0000 - 0x000007fefd7ff000 	C:\Windows\system32\CRYPTBASE.dll
0x000007fefb280000 - 0x000007fefb291000 	C:\Windows\system32\dhcpcsvc6.DLL
0x000007fefb260000 - 0x000007fefb278000 	C:\Windows\system32\dhcpcsvc.DLL
0x000007fef9380000 - 0x000007fef94a5000 	C:\Windows\system32\dbghelp.dll

VM Arguments:
jvm_args: -agentlib:jdwp=transport=dt_socket,suspend=y,address=localhost:50595 -Dspring.profiles.active=stub -Dfile.encoding=UTF-8 
java_command: matera.systems.cursoferias2018.api.conf.Application
java_class_path (initial): C:\Program Files\Java\jdk1.8.0_45\jre\lib\resources.jar;C:\Program Files\Java\jdk1.8.0_45\jre\lib\rt.jar;C:\Program Files\Java\jdk1.8.0_45\jre\lib\jsse.jar;C:\Program Files\Java\jdk1.8.0_45\jre\lib\jce.jar;C:\Program Files\Java\jdk1.8.0_45\jre\lib\charsets.jar;C:\Program Files\Java\jdk1.8.0_45\jre\lib\jfr.jar;C:\Program Files\Java\jdk1.8.0_45\jre\lib\ext\access-bridge-64.jar;C:\Program Files\Java\jdk1.8.0_45\jre\lib\ext\cldrdata.jar;C:\Program Files\Java\jdk1.8.0_45\jre\lib\ext\dnsns.jar;C:\Program Files\Java\jdk1.8.0_45\jre\lib\ext\jaccess.jar;C:\Program Files\Java\jdk1.8.0_45\jre\lib\ext\jfxrt.jar;C:\Program Files\Java\jdk1.8.0_45\jre\lib\ext\localedata.jar;C:\Program Files\Java\jdk1.8.0_45\jre\lib\ext\nashorn.jar;C:\Program Files\Java\jdk1.8.0_45\jre\lib\ext\sunec.jar;C:\Program Files\Java\jdk1.8.0_45\jre\lib\ext\sunjce_provider.jar;C:\Program Files\Java\jdk1.8.0_45\jre\lib\ext\sunmscapi.jar;C:\Program Files\Java\jdk1.8.0_45\jre\lib\ext\sunpkcs11.jar;C:\Program Files\Java\jdk1.8.0_45\jre\lib\ext\zipfs.jar;C:\Users\unicesumar\eclipse-workspace\curso-de-ferias-2018-api-step-02-init\target\classes;C:\Users\unicesumar\.m2\repository\org\springframework\boot\spring-boot-starter-web\1.5.6.RELEASE\spring-boot-starter-web-1.5.6.RELEASE.jar;C:\Users\unicesumar\.m2\repository\org\springframework\boot\spring-boot-starter\1.5.6.RELEASE\spring-boot-starter-1.5.6.RELEASE.jar;C:\Users\unicesumar\.m2\repository\org\springframework\boot\spring-boot-starter-logging\1.5.6.RELEASE\spring-boot-starter-logging-1.5.6.RELEASE.jar;C:\Users\unicesumar\.m2\repository\ch\qos\logback\logback-classic\1.1.11\logback-classic-1.1.11.jar;C:\Users\unicesumar\.m2\repository\ch\qos\logback\logback-core\1.1.11\logback-core-1.1.11.jar;C:\Users\unicesumar\.m2\repository\org\slf4j\slf4j-api\1.7.25\slf4j-api-1.7.25.jar;C:\Users\unicesumar\.m2\repository\org\slf4j\jcl-over-slf4j\1.7.25\jcl-over-slf4j-1.7.25.jar;C:\Users\unicesumar\.m2\repository\org\slf4j\jul-to-slf4j\1.7.25\j
Launcher Type: SUN_STANDARD

Environment Variables:
JAVA_HOME=C:\Program Files\Java\jdk1.8.0_45
PATH=C:\Program Files\Java\jdk1.8.0_45\jre\bin;C:/Program Files/Java/jdk1.8.0_45/bin/../jre/bin/server;C:/Program Files/Java/jdk1.8.0_45/bin/../jre/bin;C:/Program Files/Java/jdk1.8.0_45/bin/../jre/lib/amd64;C:\Program Files (x86)\NVIDIA Corporation\PhysX\Common;C:\Program Files (x86)\Common Files\Intel\Shared Files\cpp\bin\Intel64;C:\tools\Ruby21\bin;C:\tools\MySQL\mysql-connector-c-6.1\\bin;C:\tools\Android\sdk;C:\MinGW\msys\1.0\bin;C:\MinGW\bin;C:\tools\Python34\;C:\tools\Python34\Scripts;C:\tools\activator-1.3.3;C:\tools\sbt-0.13.8/bin;C:\tools\xampp\php;C:\Program Files\Java\jdk1.8.0_45\bin;C:\tools\apache-maven-3.3.3\bin;C:\tools\grails-2.4.5\bin;C:\ProgramData\Oracle\Java\javapath;C:\Windows\system32;C:\Windows;C:\Windows\System32\Wbem;C:\Windows\System32\WindowsPowerShell\v1.0\;C:\Program Files (x86)\Microsoft SDKs\TypeScript\1.0\;c:\Program Files (x86)\Microsoft SQL Server\110\Tools\Binn\;c:\Program Files (x86)\Microsoft SQL Server\110\DTS\Binn\;c:\Program Files (x86)\Microsoft SQL Server\110\Tools\Binn\ManagementStudio\;C:\Program Files (x86)\scala\bin;C:\tools\nodejs\;C:\tools\TortoiseGit\bin;C:\tools\Git\cmd;C:\Program Files (x86)\Microchip\MPLAB C32 Suite\bin;C:\Program Files\MATLAB\R2012b\runtime\win64;C:\Program Files\MATLAB\R2012b\bin;C:\tools\Ruby21\bin;C:\Users\unicesumar\AppData\Local\atom\bin;C:\Users\unicesumar\AppData\Roaming\npm;C:\Program Files (x86)\Microsoft VS Code\bin;C:\Users\unicesumar\Desktop;
USERNAME=UniCesumar
OS=Windows_NT
PROCESSOR_IDENTIFIER=Intel64 Family 6 Model 42 Stepping 7, GenuineIntel



---------------  S Y S T E M  ---------------

OS: Windows 7 , 64 bit Build 7601 (6.1.7601.19045)

CPU:total 4 (4 cores per cpu, 1 threads per core) family 6 model 42 stepping 7, cmov, cx8, fxsr, mmx, sse, sse2, sse3, ssse3, sse4.1, sse4.2, popcnt, avx, aes, clmul, tsc, tscinvbit

Memory: 4k page, physical 3644644k(937492k free), swap 10298808k(6494152k free)

vm_info: Java HotSpot(TM) 64-Bit Server VM (25.45-b02) for windows-amd64 JRE (1.8.0_45-b15), built on Apr 30 2015 12:40:44 by "java_re" with MS VC++ 10.0 (VS2010)

time: Fri Jan 26 22:08:43 2018
elapsed time: 2908 seconds (0d 0h 48m 28s)

